  ColaNodos.cpp
C:\Users\alumno-b303\source\repos\PilaNodos\PilaNodos\ColaNodos.cpp(31,16): error C2039: "NewNodo": no es un miembro de "nodo<T>"
          with
          [
              T=int
          ]
C:\Users\alumno-b303\source\repos\PilaNodos\PilaNodos\ColaNodos.cpp(20,2): message : vea la declaración de 'nodo<T>'
          with
          [
              T=int
          ]
C:\Users\alumno-b303\source\repos\PilaNodos\PilaNodos\ColaNodos.cpp(28,25): message : al compilar la función del miembro clase plantilla "void pila<int>::Push(T)"
          with
          [
              T=int
          ]
C:\Users\alumno-b303\source\repos\PilaNodos\PilaNodos\ColaNodos.cpp(60,8): message : Vea la referencia a la creación de una instancia de la función plantilla "void pila<int>::Push(T)" que se está compilando
          with
          [
              T=int
          ]
C:\Users\alumno-b303\source\repos\PilaNodos\PilaNodos\ColaNodos.cpp(59,12): message : Vea la referencia a la creación de una instancia de clase plantilla "pila<int>" que se está compilando
